<?xml version="1.0" encoding="UTF-8"?>
<!-- Generated by org.testng.reporters.JUnitReportReporter -->
<testsuite hostname="Aldos-MacBook-Pro.local" failures="0" tests="1" name="SeleniumAssignment.Selenium.EbayTest" time="34.010" errors="0" timestamp="2022-08-09T19:10:04 PDT" skipped="0">
  <testcase classname="SeleniumAssignment.Selenium.EbayTest" name="EbayTestCase" time="34.010"/>
  <system-out/>
</testsuite> <!-- SeleniumAssignment.Selenium.EbayTest -->
