<?xml version="1.0" encoding="UTF-8"?>
<!-- Generated by org.testng.reporters.JUnitReportReporter -->
<testsuite hostname="Aldos-MacBook-Pro.local" failures="0" tests="1" name="SeleniumAssignment.Selenium.TargetTest" time="20.016" errors="0" timestamp="2022-08-10T12:56:38 PDT" skipped="0">
  <testcase classname="SeleniumAssignment.Selenium.TargetTest" name="EbayTestCase" time="20.016"/>
  <system-out/>
</testsuite> <!-- SeleniumAssignment.Selenium.TargetTest -->
